<?xml version="1.0" encoding="UTF-8"?>
<!-- Generated by org.testng.reporters.JUnitXMLReporter -->
<testsuite ignored="1" hostname="DESKTOP-VO83SOT" failures="1" tests="1" name="Submit Order Test" time="0.152" errors="0" timestamp="2024-09-01T17:06:49 IST">
  <testcase classname="selenium.tests.SubmitOrderTest" name="submitOrderTest" time="0.063">
    <failure type="org.testng.internal.reflect.MethodMatcherException" message="
[public void selenium.tests.SubmitOrderTest.submitOrderTest(java.util.HashMap) throws java.io.IOException] has no parameters defined but was found to be using a data provider (either explicitly specified or inherited from class level annotation).
Data provider mismatch
Method: submitOrderTest([java.util.HashMap&amp;lt;java.lang.Object, java.lang.Object&amp;gt; arg0])
Arguments: [(java.lang.String) sdfsd@jhkh.com,(java.lang.String) Pass1234,(java.lang.String) ZARA COAT 3]">
      <![CDATA[org.testng.internal.reflect.MethodMatcherException: 
[public void selenium.tests.SubmitOrderTest.submitOrderTest(java.util.HashMap) throws java.io.IOException] has no parameters defined but was found to be using a data provider (either explicitly specified or inherited from class level annotation).
Data provider mismatch
Method: submitOrderTest([java.util.HashMap<java.lang.Object, java.lang.Object> arg0])
Arguments: [(java.lang.String) sdfsd@jhkh.com,(java.lang.String) Pass1234,(java.lang.String) ZARA COAT 3]
at java.base/java.util.ArrayList.forEach(ArrayList.java:1511)
at java.base/java.util.concurrent.FutureTask.run(FutureTask.java:264)
at java.base/java.util.concurrent.ThreadPoolExecutor.runWorker(ThreadPoolExecutor.java:1136)
at java.base/java.util.concurrent.ThreadPoolExecutor$Worker.run(ThreadPoolExecutor.java:635)
at java.base/java.lang.Thread.run(Thread.java:833)
... Removed 12 stack frames]]>
    </failure>
  </testcase> <!-- submitOrderTest -->
  <testcase classname="selenium.tests.SubmitOrderTest" name="orderHistoryTest" time="0.0">
    <ignored/>
  </testcase> <!-- orderHistoryTest -->
</testsuite> <!-- Submit Order Test -->
