<?xml version="1.0" encoding="UTF-8"?>
<!-- Generated by org.testng.reporters.JUnitXMLReporter -->
<testsuite ignored="2" hostname="DESKTOP-VO83SOT" failures="0" tests="0" time="0.027" errors="0" timestamp="2024-09-03T09:04:25 IST">
  <testcase classname="selenium.tests.ErrorValidationTest" name="loginErrorValidationTest" time="0.0">
    <ignored/>
  </testcase> <!-- loginErrorValidationTest -->
  <testcase classname="selenium.tests.ErrorValidationTest" name="productErrorValidationTest" time="0.0">
    <ignored/>
  </testcase> <!-- productErrorValidationTest -->
</testsuite>
