<?xml version="1.0" encoding="UTF-8"?>
<!-- Generated by org.testng.reporters.JUnitXMLReporter -->
<testsuite ignored="1" hostname="DESKTOP-VO83SOT" failures="0" tests="3" name="Submit Order Test" time="60.213" errors="0" timestamp="2024-09-03T09:05:25 IST">
  <testcase classname="selenium.tests.SubmitOrderTest" name="submitOrderTest" time="15.18"/>
  <testcase classname="selenium.tests.SubmitOrderTest" name="submitOrderTest" time="14.98"/>
  <testcase classname="selenium.tests.SubmitOrderTest" name="submitOrderTest" time="15.208"/>
  <testcase classname="selenium.tests.SubmitOrderTest" name="orderHistoryTest" time="0.0">
    <ignored/>
  </testcase> <!-- orderHistoryTest -->
</testsuite> <!-- Submit Order Test -->
